<?xml version="1.0" encoding="UTF-8"?>
<!-- Generated by org.testng.reporters.JUnitReportReporter -->
<testsuite skipped="0" hostname="NBIRTHRA-LAP" name="sddddddd.sdcs" tests="1" failures="0" timestamp="05 Apr 2018 12:16:49 GMT" time="25.568" errors="0">
  <testcase name="failTest" time="25.568" classname="sddddddd.sdcs"/>
</testsuite> <!-- sddddddd.sdcs -->
